mode: set
github.com/kubermatic/zevenet-controller/pkg/controller/service/service_controller.go:41.37,43.2 1 0
github.com/kubermatic/zevenet-controller/pkg/controller/service/service_controller.go:46.62,48.2 1 1
github.com/kubermatic/zevenet-controller/pkg/controller/service/service_controller.go:51.61,54.16 2 1
github.com/kubermatic/zevenet-controller/pkg/controller/service/service_controller.go:59.2,60.16 2 1
github.com/kubermatic/zevenet-controller/pkg/controller/service/service_controller.go:66.2,70.16 2 1
github.com/kubermatic/zevenet-controller/pkg/controller/service/service_controller.go:74.2,74.12 1 1
github.com/kubermatic/zevenet-controller/pkg/controller/service/service_controller.go:54.16,56.3 1 0
github.com/kubermatic/zevenet-controller/pkg/controller/service/service_controller.go:60.16,62.3 1 0
github.com/kubermatic/zevenet-controller/pkg/controller/service/service_controller.go:70.16,72.3 1 0
github.com/kubermatic/zevenet-controller/pkg/controller/service/service_controller.go:90.91,94.16 3 0
github.com/kubermatic/zevenet-controller/pkg/controller/service/service_controller.go:104.2,104.32 1 0
github.com/kubermatic/zevenet-controller/pkg/controller/service/service_controller.go:94.16,95.29 1 0
github.com/kubermatic/zevenet-controller/pkg/controller/service/service_controller.go:101.3,101.33 1 0
github.com/kubermatic/zevenet-controller/pkg/controller/service/service_controller.go:95.29,99.4 1 0
