mode: set
github.com/kubermatic/zevenet-controller/pkg/controller/service/service_controller.go:44.37,46.2 1 0
github.com/kubermatic/zevenet-controller/pkg/controller/service/service_controller.go:56.62,58.2 1 1
github.com/kubermatic/zevenet-controller/pkg/controller/service/service_controller.go:61.61,64.16 2 1
github.com/kubermatic/zevenet-controller/pkg/controller/service/service_controller.go:69.2,70.16 2 1
github.com/kubermatic/zevenet-controller/pkg/controller/service/service_controller.go:74.2,75.49 1 1
github.com/kubermatic/zevenet-controller/pkg/controller/service/service_controller.go:94.2,95.46 1 1
github.com/kubermatic/zevenet-controller/pkg/controller/service/service_controller.go:116.2,119.16 1 1
github.com/kubermatic/zevenet-controller/pkg/controller/service/service_controller.go:123.2,123.12 1 1
github.com/kubermatic/zevenet-controller/pkg/controller/service/service_controller.go:64.16,66.3 1 0
github.com/kubermatic/zevenet-controller/pkg/controller/service/service_controller.go:70.16,72.3 1 0
github.com/kubermatic/zevenet-controller/pkg/controller/service/service_controller.go:75.49,77.105 2 0
github.com/kubermatic/zevenet-controller/pkg/controller/service/service_controller.go:81.4,82.46 2 0
github.com/kubermatic/zevenet-controller/pkg/controller/service/service_controller.go:92.4,92.28 1 0
github.com/kubermatic/zevenet-controller/pkg/controller/service/service_controller.go:77.105,80.5 2 0
github.com/kubermatic/zevenet-controller/pkg/controller/service/service_controller.go:82.46,83.60 1 0
github.com/kubermatic/zevenet-controller/pkg/controller/service/service_controller.go:86.5,90.7 1 0
github.com/kubermatic/zevenet-controller/pkg/controller/service/service_controller.go:83.60,84.14 1 0
github.com/kubermatic/zevenet-controller/pkg/controller/service/service_controller.go:95.46,95.61 1 0
github.com/kubermatic/zevenet-controller/pkg/controller/service/service_controller.go:96.46,99.72 3 0
github.com/kubermatic/zevenet-controller/pkg/controller/service/service_controller.go:102.4,102.63 1 0
github.com/kubermatic/zevenet-controller/pkg/controller/service/service_controller.go:112.4,112.16 1 0
github.com/kubermatic/zevenet-controller/pkg/controller/service/service_controller.go:99.72,101.5 1 0
github.com/kubermatic/zevenet-controller/pkg/controller/service/service_controller.go:102.63,103.64 1 0
github.com/kubermatic/zevenet-controller/pkg/controller/service/service_controller.go:108.5,108.16 1 0
github.com/kubermatic/zevenet-controller/pkg/controller/service/service_controller.go:103.64,104.110 1 0
github.com/kubermatic/zevenet-controller/pkg/controller/service/service_controller.go:104.110,105.15 1 0
github.com/kubermatic/zevenet-controller/pkg/controller/service/service_controller.go:114.46,114.61 1 0
github.com/kubermatic/zevenet-controller/pkg/controller/service/service_controller.go:119.16,121.3 1 0
github.com/kubermatic/zevenet-controller/pkg/controller/service/service_controller.go:136.91,143.16 5 0
github.com/kubermatic/zevenet-controller/pkg/controller/service/service_controller.go:152.2,153.16 2 0
github.com/kubermatic/zevenet-controller/pkg/controller/service/service_controller.go:156.2,156.20 1 0
github.com/kubermatic/zevenet-controller/pkg/controller/service/service_controller.go:143.16,144.29 1 0
github.com/kubermatic/zevenet-controller/pkg/controller/service/service_controller.go:150.3,150.33 1 0
github.com/kubermatic/zevenet-controller/pkg/controller/service/service_controller.go:144.29,148.4 1 0
github.com/kubermatic/zevenet-controller/pkg/controller/service/service_controller.go:153.16,155.3 1 0
github.com/kubermatic/zevenet-controller/pkg/controller/service/service_controller.go:160.116,161.57 1 0
github.com/kubermatic/zevenet-controller/pkg/controller/service/service_controller.go:166.2,171.38 5 0
github.com/kubermatic/zevenet-controller/pkg/controller/service/service_controller.go:191.2,191.39 1 0
github.com/kubermatic/zevenet-controller/pkg/controller/service/service_controller.go:198.2,198.34 1 0
github.com/kubermatic/zevenet-controller/pkg/controller/service/service_controller.go:202.2,202.66 1 0
github.com/kubermatic/zevenet-controller/pkg/controller/service/service_controller.go:209.2,209.62 1 0
github.com/kubermatic/zevenet-controller/pkg/controller/service/service_controller.go:214.2,214.89 1 0
github.com/kubermatic/zevenet-controller/pkg/controller/service/service_controller.go:219.2,221.68 2 0
github.com/kubermatic/zevenet-controller/pkg/controller/service/service_controller.go:225.2,226.38 2 0
github.com/kubermatic/zevenet-controller/pkg/controller/service/service_controller.go:236.2,236.66 1 0
github.com/kubermatic/zevenet-controller/pkg/controller/service/service_controller.go:241.2,242.56 2 0
github.com/kubermatic/zevenet-controller/pkg/controller/service/service_controller.go:246.2,246.32 1 0
github.com/kubermatic/zevenet-controller/pkg/controller/service/service_controller.go:161.57,164.3 2 0
github.com/kubermatic/zevenet-controller/pkg/controller/service/service_controller.go:171.38,173.17 2 0
github.com/kubermatic/zevenet-controller/pkg/controller/service/service_controller.go:176.3,177.17 2 0
github.com/kubermatic/zevenet-controller/pkg/controller/service/service_controller.go:180.3,181.41 2 0
github.com/kubermatic/zevenet-controller/pkg/controller/service/service_controller.go:188.3,188.33 1 0
github.com/kubermatic/zevenet-controller/pkg/controller/service/service_controller.go:173.17,175.4 1 0
github.com/kubermatic/zevenet-controller/pkg/controller/service/service_controller.go:177.17,179.4 1 0
github.com/kubermatic/zevenet-controller/pkg/controller/service/service_controller.go:181.41,184.56 3 0
github.com/kubermatic/zevenet-controller/pkg/controller/service/service_controller.go:184.56,186.5 1 0
github.com/kubermatic/zevenet-controller/pkg/controller/service/service_controller.go:191.39,194.3 2 0
github.com/kubermatic/zevenet-controller/pkg/controller/service/service_controller.go:198.34,200.3 1 0
github.com/kubermatic/zevenet-controller/pkg/controller/service/service_controller.go:202.66,204.48 2 0
github.com/kubermatic/zevenet-controller/pkg/controller/service/service_controller.go:204.48,206.4 1 0
github.com/kubermatic/zevenet-controller/pkg/controller/service/service_controller.go:209.62,212.3 2 0
github.com/kubermatic/zevenet-controller/pkg/controller/service/service_controller.go:214.89,217.3 2 0
github.com/kubermatic/zevenet-controller/pkg/controller/service/service_controller.go:221.68,223.3 1 0
github.com/kubermatic/zevenet-controller/pkg/controller/service/service_controller.go:226.38,227.53 1 0
github.com/kubermatic/zevenet-controller/pkg/controller/service/service_controller.go:227.53,228.94 1 0
github.com/kubermatic/zevenet-controller/pkg/controller/service/service_controller.go:228.94,233.5 1 0
github.com/kubermatic/zevenet-controller/pkg/controller/service/service_controller.go:236.66,239.3 2 0
github.com/kubermatic/zevenet-controller/pkg/controller/service/service_controller.go:242.56,244.3 1 0
github.com/kubermatic/zevenet-controller/pkg/controller/service/service_controller.go:249.100,255.16 2 0
github.com/kubermatic/zevenet-controller/pkg/controller/service/service_controller.go:258.2,260.115 2 0
github.com/kubermatic/zevenet-controller/pkg/controller/service/service_controller.go:267.2,267.17 1 0
github.com/kubermatic/zevenet-controller/pkg/controller/service/service_controller.go:274.2,275.16 2 0
github.com/kubermatic/zevenet-controller/pkg/controller/service/service_controller.go:278.2,280.12 2 0
github.com/kubermatic/zevenet-controller/pkg/controller/service/service_controller.go:255.16,257.3 1 0
github.com/kubermatic/zevenet-controller/pkg/controller/service/service_controller.go:260.115,262.3 1 0
github.com/kubermatic/zevenet-controller/pkg/controller/service/service_controller.go:267.17,268.64 1 0
github.com/kubermatic/zevenet-controller/pkg/controller/service/service_controller.go:271.3,271.102 1 0
github.com/kubermatic/zevenet-controller/pkg/controller/service/service_controller.go:268.64,270.4 1 0
github.com/kubermatic/zevenet-controller/pkg/controller/service/service_controller.go:275.16,277.3 1 0
github.com/kubermatic/zevenet-controller/pkg/controller/service/service_controller.go:283.86,285.16 2 0
github.com/kubermatic/zevenet-controller/pkg/controller/service/service_controller.go:289.2,290.48 2 0
github.com/kubermatic/zevenet-controller/pkg/controller/service/service_controller.go:296.2,296.49 1 0
github.com/kubermatic/zevenet-controller/pkg/controller/service/service_controller.go:302.2,302.51 1 0
github.com/kubermatic/zevenet-controller/pkg/controller/service/service_controller.go:308.2,308.51 1 0
github.com/kubermatic/zevenet-controller/pkg/controller/service/service_controller.go:314.2,314.12 1 0
github.com/kubermatic/zevenet-controller/pkg/controller/service/service_controller.go:285.16,287.3 1 0
github.com/kubermatic/zevenet-controller/pkg/controller/service/service_controller.go:290.48,291.65 1 0
github.com/kubermatic/zevenet-controller/pkg/controller/service/service_controller.go:291.65,293.4 1 0
github.com/kubermatic/zevenet-controller/pkg/controller/service/service_controller.go:296.49,297.62 1 0
github.com/kubermatic/zevenet-controller/pkg/controller/service/service_controller.go:297.62,299.4 1 0
github.com/kubermatic/zevenet-controller/pkg/controller/service/service_controller.go:302.51,303.123 1 0
github.com/kubermatic/zevenet-controller/pkg/controller/service/service_controller.go:303.123,305.4 1 0
github.com/kubermatic/zevenet-controller/pkg/controller/service/service_controller.go:308.51,309.94 1 0
github.com/kubermatic/zevenet-controller/pkg/controller/service/service_controller.go:309.94,311.4 1 0
github.com/kubermatic/zevenet-controller/pkg/controller/service/service_controller.go:317.105,319.46 1 0
github.com/kubermatic/zevenet-controller/pkg/controller/service/service_controller.go:327.2,327.14 1 0
github.com/kubermatic/zevenet-controller/pkg/controller/service/service_controller.go:319.46,322.93 1 0
github.com/kubermatic/zevenet-controller/pkg/controller/service/service_controller.go:322.93,324.4 1 0
github.com/kubermatic/zevenet-controller/pkg/controller/service/service_controller.go:330.86,336.16 2 0
github.com/kubermatic/zevenet-controller/pkg/controller/service/service_controller.go:339.2,339.77 1 0
github.com/kubermatic/zevenet-controller/pkg/controller/service/service_controller.go:347.2,347.93 1 0
github.com/kubermatic/zevenet-controller/pkg/controller/service/service_controller.go:354.2,354.12 1 0
github.com/kubermatic/zevenet-controller/pkg/controller/service/service_controller.go:336.16,338.3 1 0
github.com/kubermatic/zevenet-controller/pkg/controller/service/service_controller.go:339.77,341.17 2 0
github.com/kubermatic/zevenet-controller/pkg/controller/service/service_controller.go:344.3,344.115 1 0
github.com/kubermatic/zevenet-controller/pkg/controller/service/service_controller.go:341.17,343.4 1 0
github.com/kubermatic/zevenet-controller/pkg/controller/service/service_controller.go:347.93,349.17 2 0
github.com/kubermatic/zevenet-controller/pkg/controller/service/service_controller.go:352.3,352.115 1 0
github.com/kubermatic/zevenet-controller/pkg/controller/service/service_controller.go:349.17,351.4 1 0
